0 info it worked if it ends with ok
1 verbose cli [ '/usr/local/bin/node', '/usr/local/bin/npm', 'start' ]
2 info using npm@3.3.12
3 info using node@v4.2.3
4 verbose run-script [ 'prestart', 'start', 'poststart' ]
5 info lifecycle concert-listings-angular@1.0.0~prestart: concert-listings-angular@1.0.0
6 silly lifecycle concert-listings-angular@1.0.0~prestart: no script for prestart, continuing
7 info lifecycle concert-listings-angular@1.0.0~start: concert-listings-angular@1.0.0
8 verbose lifecycle concert-listings-angular@1.0.0~start: unsafe-perm in lifecycle true
9 verbose lifecycle concert-listings-angular@1.0.0~start: PATH: /usr/local/lib/node_modules/npm/bin/node-gyp-bin:/Users/travisjohnston/Desktop/concert-listings-angular/node_modules/.bin:/Users/travisjohnston/.gem/ruby/2.2.2/bin:/Users/travisjohnston/.rubies/ruby-2.2.2/lib/ruby/gems/2.2.0/bin:/Users/travisjohnston/.rubies/ruby-2.2.2/bin:/usr/local/sbin:/usr/local/bin:/usr/local/sbin:/usr/local/bin:/Users/travisjohnston/.rvm/gems/ruby-2.2.1/bin:/Users/travisjohnston/.rvm/gems/ruby-2.2.1@global/bin:/Users/travisjohnston/.rvm/rubies/ruby-2.2.1/bin:/usr/bin:/bin:/usr/sbin:/sbin:/usr/local/bin:/Users/travisjohnston/bin:/Users/travisjohnston/.rvm/bin:/Users/travisjohnston/.rvm/bin
10 verbose lifecycle concert-listings-angular@1.0.0~start: CWD: /Users/travisjohnston/Desktop/concert-listings-angular
11 silly lifecycle concert-listings-angular@1.0.0~start: Args: [ '-c', 'webpack-dev-server' ]
12 silly lifecycle concert-listings-angular@1.0.0~start: Returned: code: 1  signal: null
13 info lifecycle concert-listings-angular@1.0.0~start: Failed to exec start script
14 verbose stack Error: concert-listings-angular@1.0.0 start: `webpack-dev-server`
14 verbose stack Exit status 1
14 verbose stack     at EventEmitter.<anonymous> (/usr/local/lib/node_modules/npm/lib/utils/lifecycle.js:232:16)
14 verbose stack     at emitTwo (events.js:87:13)
14 verbose stack     at EventEmitter.emit (events.js:172:7)
14 verbose stack     at ChildProcess.<anonymous> (/usr/local/lib/node_modules/npm/lib/utils/spawn.js:24:14)
14 verbose stack     at emitTwo (events.js:87:13)
14 verbose stack     at ChildProcess.emit (events.js:172:7)
14 verbose stack     at maybeClose (internal/child_process.js:818:16)
14 verbose stack     at Process.ChildProcess._handle.onexit (internal/child_process.js:211:5)
15 verbose pkgid concert-listings-angular@1.0.0
16 verbose cwd /Users/travisjohnston/Desktop/concert-listings-angular
17 error Darwin 15.0.0
18 error argv "/usr/local/bin/node" "/usr/local/bin/npm" "start"
19 error node v4.2.3
20 error npm  v3.3.12
21 error code ELIFECYCLE
22 error concert-listings-angular@1.0.0 start: `webpack-dev-server`
22 error Exit status 1
23 error Failed at the concert-listings-angular@1.0.0 start script 'webpack-dev-server'.
23 error Make sure you have the latest version of node.js and npm installed.
23 error If you do, this is most likely a problem with the concert-listings-angular package,
23 error not with npm itself.
23 error Tell the author that this fails on your system:
23 error     webpack-dev-server
23 error You can get their info via:
23 error     npm owner ls concert-listings-angular
23 error There is likely additional logging output above.
24 verbose exit [ 1, true ]
